25 Feb 2013 12:21:45,406 INFO  [main] fuml.Fuml loading artifact, Plasma_SDO_Profile.mdxml
25 Feb 2013 12:21:46,234 INFO  [main] config.FumlConfiguration initializing...
25 Feb 2013 12:21:46,234 INFO  [main] config.FumlConfigDataBinding loading schema chain...
25 Feb 2013 12:21:46,281 INFO  [main] config.FumlConfiguration loading configuration, fuml-config.xml
25 Feb 2013 12:21:46,453 FATAL [main] bind.DefaultValidationEventHandler Line:Col:Offset[133:22:-1] - cvc-complex-type.2.4.b: The content of element 'cfg:Configuration' is not complete. One of '{LibraryConfiguration}' is expected.
25 Feb 2013 12:21:47,328 INFO  [main] model.InMemoryRepository initializing...
25 Feb 2013 12:21:47,343 INFO  [main] repository.RepositoryConfigDataBinding loading schema chain...
25 Feb 2013 12:21:47,765 INFO  [main] model.PrimitiveTypesAssembler initializing...
25 Feb 2013 12:21:47,796 INFO  [main] model.InfrastructureAssembler initializing...
25 Feb 2013 12:21:48,078 INFO  [main] model.SuperstructureAssembler initializing...
25 Feb 2013 12:21:48,218 INFO  [main] model.fUML_SyntaxAssembler initializing...
25 Feb 2013 12:21:48,218 INFO  [main] model.InMemoryRepository performing package merge...
25 Feb 2013 12:21:48,249 INFO  [main] model.InMemoryRepository cacheing classifier attributes and operations...
25 Feb 2013 12:21:48,265 INFO  [main] library.Library initializing...
25 Feb 2013 12:21:48,781 INFO  [main] fuml.Fuml loading artifact, cloudgraph-web-common.mdxml
25 Feb 2013 12:21:49,000 INFO  [main] fuml.Fuml loading artifact, cloudgraph-web-categorization.mdxml
25 Feb 2013 12:21:49,265 INFO  [main] fuml.Fuml loading artifact, cloudgraph-web-personalization.mdxml
25 Feb 2013 12:21:49,593 INFO  [main] fuml.Fuml loading artifact, cloudgraph-web.mdxml
25 Feb 2013 12:21:51,187 INFO  [main] ddl.DDLModelDataBinding loading schema chain...
25 Feb 2013 12:21:57,719 INFO  [main] fuml.Fuml loading artifact, Plasma_SDO_Profile.mdxml
25 Feb 2013 12:21:57,797 INFO  [main] config.FumlConfiguration initializing...
25 Feb 2013 12:21:57,797 INFO  [main] config.FumlConfigDataBinding loading schema chain...
25 Feb 2013 12:21:57,844 INFO  [main] config.FumlConfiguration loading configuration, fuml-config.xml
25 Feb 2013 12:21:57,859 FATAL [main] bind.DefaultValidationEventHandler Line:Col:Offset[133:22:-1] - cvc-complex-type.2.4.b: The content of element 'cfg:Configuration' is not complete. One of '{LibraryConfiguration}' is expected.
25 Feb 2013 12:21:57,938 INFO  [main] model.InMemoryRepository initializing...
25 Feb 2013 12:21:57,938 INFO  [main] repository.RepositoryConfigDataBinding loading schema chain...
25 Feb 2013 12:21:58,094 INFO  [main] model.PrimitiveTypesAssembler initializing...
25 Feb 2013 12:21:58,109 INFO  [main] model.InfrastructureAssembler initializing...
25 Feb 2013 12:21:58,188 INFO  [main] model.SuperstructureAssembler initializing...
25 Feb 2013 12:21:58,328 INFO  [main] model.fUML_SyntaxAssembler initializing...
25 Feb 2013 12:21:58,328 INFO  [main] model.InMemoryRepository performing package merge...
25 Feb 2013 12:21:58,359 INFO  [main] model.InMemoryRepository cacheing classifier attributes and operations...
25 Feb 2013 12:21:58,375 INFO  [main] library.Library initializing...
25 Feb 2013 12:21:58,781 INFO  [main] fuml.Fuml loading artifact, cloudgraph-web-common.mdxml
25 Feb 2013 12:21:58,906 INFO  [main] fuml.Fuml loading artifact, cloudgraph-web-categorization.mdxml
25 Feb 2013 12:21:59,078 INFO  [main] fuml.Fuml loading artifact, cloudgraph-web-personalization.mdxml
25 Feb 2013 12:21:59,281 INFO  [main] fuml.Fuml loading artifact, cloudgraph-web.mdxml
25 Feb 2013 12:22:00,156 INFO  [main] ddl.DDLModelDataBinding loading schema chain...
